#-----------------------------------------------------------
# Vivado v2018.2 (64-bit)
# SW Build 2258646 on Thu Jun 14 20:03:12 MDT 2018
# IP Build 2256618 on Thu Jun 14 22:10:49 MDT 2018
# Start of session at: Sat Feb  9 23:52:03 2019
# Process ID: 920
# Current directory: C:/Users/HP/Desktop/CAO/home1
# Command line: vivado.exe -gui_launcher_event rodinguilauncherevent9344 C:\Users\HP\Desktop\CAO\home1\half_adder.xpr
# Log file: C:/Users/HP/Desktop/CAO/home1/vivado.log
# Journal file: C:/Users/HP/Desktop/CAO/home1\vivado.jou
#-----------------------------------------------------------
start_gui
open_project C:/Users/HP/Desktop/CAO/home1/half_adder.xpr
INFO: [Project 1-313] Project file moved from 'C:/Users/HP/Desktop/home1' since last save.
CRITICAL WARNING: [Project 1-311] Could not find the file 'C:/Users/HP/Desktop/CAO/home1/half_adder.srcs/sources_1/new/adder.sv', nor could it be found using path 'C:/Users/HP/Desktop/home1/home1.srcs/sources_1/new/adder.sv'.
CRITICAL WARNING: [Project 1-311] Could not find the file 'C:/Users/HP/Desktop/CAO/home1/half_adder.srcs/sources_1/new/testb1.sv', nor could it be found using path 'C:/Users/HP/Desktop/home1/home1.srcs/sources_1/new/testb1.sv'.
Scanning sources...
Finished scanning sources
WARNING: [Project 1-509] GeneratedRun file for 'synth_1' not found
WARNING: [Project 1-509] GeneratedRun file for 'impl_1' not found
WARNING: [filemgmt 56-2] IPUserFilesDir: Could not find the directory 'C:/Users/HP/Desktop/CAO/home1/half_adder.ip_user_files', nor could it be found using path 'C:/Users/HP/Desktop/home1/home1.ip_user_files'.
INFO: [IP_Flow 19-234] Refreshing IP repositories
INFO: [IP_Flow 19-1704] No user IP repositories specified
INFO: [IP_Flow 19-2313] Loaded Vivado IP repository 'D:/XILLINX/Vivado/2018.2/data/ip'.
open_project: Time (s): cpu = 00:00:19 ; elapsed = 00:00:28 . Memory (MB): peak = 818.840 ; gain = 103.168
update_compile_order -fileset sources_1
exit
INFO: [Common 17-206] Exiting Vivado at Sat Feb  9 23:55:12 2019...
