Copyright 1986-2018 Xilinx, Inc. All Rights Reserved.
-----------------------------------------------------------------------------------------------------------------------------------------------------
| Tool Version : Vivado v.2018.2 (win64) Build 2258646 Thu Jun 14 20:03:12 MDT 2018
| Date         : Wed Apr 10 12:26:30 2019
| Host         : DESKTOP-J847U64 running 64-bit major release  (build 9200)
| Command      : report_methodology -file booth_methodology_drc_routed.rpt -pb booth_methodology_drc_routed.pb -rpx booth_methodology_drc_routed.rpx
| Design       : booth
| Device       : xc7a35ticpg236-1L
| Speed File   : -1L
| Design State : Routed
-----------------------------------------------------------------------------------------------------------------------------------------------------

Report Methodology

Table of Contents
-----------------
1. REPORT SUMMARY
2. REPORT DETAILS

1. REPORT SUMMARY
-----------------
            Netlist: netlist
          Floorplan: design_1
      Design limits: <entire design considered>
             Max violations: <unlimited>
             Violations found: 0
+------+----------+-------------+------------+
| Rule | Severity | Description | Violations |
+------+----------+-------------+------------+
+------+----------+-------------+------------+

2. REPORT DETAILS
-----------------

