#-----------------------------------------------------------
# Vivado v2018.2 (64-bit)
# SW Build 2258646 on Thu Jun 14 20:03:12 MDT 2018
# IP Build 2256618 on Thu Jun 14 22:10:49 MDT 2018
# Start of session at: Tue Feb 12 22:59:17 2019
# Process ID: 5236
# Current directory: C:/Users/HP/Desktop/CAO/h_f
# Command line: vivado.exe -gui_launcher_event rodinguilauncherevent6968 C:\Users\HP\Desktop\CAO\h_f\h_f.xpr
# Log file: C:/Users/HP/Desktop/CAO/h_f/vivado.log
# Journal file: C:/Users/HP/Desktop/CAO/h_f\vivado.jou
#-----------------------------------------------------------
start_gui
open_project C:/Users/HP/Desktop/CAO/h_f/h_f.xpr
Scanning sources...
Finished scanning sources
INFO: [IP_Flow 19-234] Refreshing IP repositories
INFO: [IP_Flow 19-1704] No user IP repositories specified
INFO: [IP_Flow 19-2313] Loaded Vivado IP repository 'D:/XILLINX/Vivado/2018.2/data/ip'.
open_project: Time (s): cpu = 00:00:18 ; elapsed = 00:00:09 . Memory (MB): peak = 863.891 ; gain = 127.879
update_compile_order -fileset sources_1
exit
INFO: [Common 17-206] Exiting Vivado at Tue Feb 12 23:13:36 2019...
