#-----------------------------------------------------------
# Vivado v2018.2 (64-bit)
# SW Build 2258646 on Thu Jun 14 20:03:12 MDT 2018
# IP Build 2256618 on Thu Jun 14 22:10:49 MDT 2018
# Start of session at: Sat Feb  9 23:55:42 2019
# Process ID: 5128
# Current directory: C:/Users/HP/Desktop/CAO/lab2
# Command line: vivado.exe -gui_launcher_event rodinguilauncherevent9304 C:\Users\HP\Desktop\CAO\lab2\lab2.xpr
# Log file: C:/Users/HP/Desktop/CAO/lab2/vivado.log
# Journal file: C:/Users/HP/Desktop/CAO/lab2\vivado.jou
#-----------------------------------------------------------
start_gui
open_project C:/Users/HP/Desktop/CAO/lab2/lab2.xpr
INFO: [Project 1-313] Project file moved from 'C:/Users/HP/Desktop/lab2' since last save.
Scanning sources...
Finished scanning sources
INFO: [IP_Flow 19-234] Refreshing IP repositories
INFO: [IP_Flow 19-1704] No user IP repositories specified
INFO: [IP_Flow 19-2313] Loaded Vivado IP repository 'D:/XILLINX/Vivado/2018.2/data/ip'.
open_project: Time (s): cpu = 00:00:19 ; elapsed = 00:00:10 . Memory (MB): peak = 848.168 ; gain = 150.148
update_compile_order -fileset sources_1
exit
INFO: [Common 17-206] Exiting Vivado at Sat Feb  9 23:56:41 2019...
