#-----------------------------------------------------------
# Vivado v2018.2 (64-bit)
# SW Build 2258646 on Thu Jun 14 20:03:12 MDT 2018
# IP Build 2256618 on Thu Jun 14 22:10:49 MDT 2018
# Start of session at: Sun Feb  3 17:12:43 2019
# Process ID: 4676
# Current directory: C:/Users/HP/Desktop/CAO/fulladder1
# Command line: vivado.exe -gui_launcher_event rodinguilauncherevent5916 C:\Users\HP\Desktop\CAO\fulladder1\fulladder1.xpr
# Log file: C:/Users/HP/Desktop/CAO/fulladder1/vivado.log
# Journal file: C:/Users/HP/Desktop/CAO/fulladder1\vivado.jou
#-----------------------------------------------------------
start_gui
open_project C:/Users/HP/Desktop/CAO/fulladder1/fulladder1.xpr
INFO: [Project 1-313] Project file moved from 'C:/Users/HP/Desktop/fulladder1' since last save.
Scanning sources...
Finished scanning sources
INFO: [IP_Flow 19-234] Refreshing IP repositories
INFO: [IP_Flow 19-1704] No user IP repositories specified
INFO: [IP_Flow 19-2313] Loaded Vivado IP repository 'D:/XILLINX/Vivado/2018.2/data/ip'.
open_project: Time (s): cpu = 00:00:20 ; elapsed = 00:00:15 . Memory (MB): peak = 892.414 ; gain = 161.559
update_compile_order -fileset sources_1
exit
INFO: [Common 17-206] Exiting Vivado at Sun Feb  3 17:22:32 2019...
